
TIME:  2022-04-11 16:39:08.189854
SPLITTING, NORMALISING AND SHUFFLINGpspMAG FIELD DATA

 Means of a clean interval post-standardisation
B_R    4.493605e-15
B_T   -1.336720e-15
B_N   -2.654899e-15
dtype: float64

 Standard deviations of a clean interval post-standardisation
B_R    1.0
B_T    1.0
B_N    1.0
dtype: float64

Input training data dimensions: 184 x (10000, 3)

Input validation data dimensions: 26 x (10000, 3)

Input test data dimensions: 53 x (10000, 3)


PROCESSING PSP TRAINING DATA 


Unique input dimensions: 
 184 x (10000, 3)

Final input dimensions: 
  Clean: (2760, 3, 10000) 
  Gapped: (2760, 4, 10000) 
  Filled: (2760, 4, 10000) 
  Lint: (2760, 4, 10000)

Final flat input dimensions: 
  Filled: (2760, 40000) 
  Filled flat, no indicator vector: (2760, 30000) 
  Lint: (2760, 40000) 
  Lint flat, no indicator vector: (2760, 30000)

Final output dimensions: 
  Clean: (2760, 2000) 
  Gapped: (2760, 2000) 
  Filled: (2760, 2000) 
  Lint: (2760, 2000)

FINISHED PROCESSING PSP TRAINING DATA 


TIME:  2022-04-11 17:00:41.409939


PROCESSING PSP VALIDATION DATA 


Unique input dimensions: 
 26 x (10000, 3)

Final input dimensions: 
  Clean: (130, 3, 10000) 
  Gapped: (130, 4, 10000) 
  Filled: (130, 4, 10000) 
  Lint: (130, 4, 10000)

Final flat input dimensions: 
  Filled: (130, 40000) 
  Filled flat, no indicator vector: (130, 30000) 
  Lint: (130, 40000) 
  Lint flat, no indicator vector: (130, 30000)

Final output dimensions: 
  Clean: (130, 2000) 
  Gapped: (130, 2000) 
  Filled: (130, 2000) 
  Lint: (130, 2000)

FINISHED PROCESSING PSP validateING DATA 


TIME:  2022-04-11 17:01:44.678110


PROCESSING PSP TEST DATA 


Unique input dimensions: 
 53 x (10000, 3)

Final input dimensions: 
  Clean: (265, 3, 10000) 
  Gapped: (265, 4, 10000) 
  Filled: (265, 4, 10000) 
  Lint: (265, 4, 10000)

Final flat input dimensions: 
  Filled: (265, 40000) 
  Filled flat, no indicator vector: (265, 30000) 
  Lint: (265, 40000) 
  Lint flat, no indicator vector: (265, 30000)

Final output dimensions: 
  Clean: (265, 2000) 
  Gapped: (265, 2000) 
  Filled: (265, 2000) 
  Lint: (265, 2000)

FINISHED PROCESSING PSP TEST DATA 


TIME:  2022-04-11 17:03:57.065734
SPLITTING, NORMALISING AND SHUFFLINGmmsMAG FIELD DATA

 Means of a clean interval post-standardisation
Bx GSE    4.664770e-16
By GSE   -5.545120e-16
Bz GSE    1.281664e-15
dtype: float64

 Standard deviations of a clean interval post-standardisation
Bx GSE    1.0
By GSE    1.0
Bz GSE    1.0
dtype: float64

Input training data dimensions: 184 x (10000, 3)

Input validation data dimensions: 26 x (10000, 3)

Input test data dimensions: 53 x (10000, 3)


PROCESSING MMS TRAINING DATA 


Unique input dimensions: 
 184 x (10000, 3)

Final input dimensions: 
  Clean: (2760, 3, 10000) 
  Gapped: (2760, 4, 10000) 
  Filled: (2760, 4, 10000) 
  Lint: (2760, 4, 10000)

Final flat input dimensions: 
  Filled: (2760, 40000) 
  Filled flat, no indicator vector: (2760, 30000) 
  Lint: (2760, 40000) 
  Lint flat, no indicator vector: (2760, 30000)

Final output dimensions: 
  Clean: (2760, 2000) 
  Gapped: (2760, 2000) 
  Filled: (2760, 2000) 
  Lint: (2760, 2000)

FINISHED PROCESSING MMS TRAINING DATA 


TIME:  2022-04-11 17:25:52.304481


PROCESSING mms VALIDATION DATA 


Unique input dimensions: 
 26 x (10000, 3)

Final input dimensions: 
  Clean: (130, 3, 10000) 
  Gapped: (130, 4, 10000) 
  Filled: (130, 4, 10000) 
  Lint: (130, 4, 10000)

Final flat input dimensions: 
  Filled: (130, 40000) 
  Filled flat, no indicator vector: (130, 30000) 
  Lint: (130, 40000) 
  Lint flat, no indicator vector: (130, 30000)

Final output dimensions: 
  Clean: (130, 2000) 
  Gapped: (130, 2000) 
  Filled: (130, 2000) 
  Lint: (130, 2000)

FINISHED PROCESSING MMS VALIDATION DATA 


TIME:  2022-04-11 17:26:54.988050


PROCESSING MMS TEST DATA 


Unique input dimensions: 
 53 x (10000, 3)

Final input dimensions: 
  Clean: (265, 3, 10000) 
  Gapped: (265, 4, 10000) 
  Filled: (265, 4, 10000) 
  Lint: (265, 4, 10000)

Final flat input dimensions: 
  Filled: (265, 40000) 
  Filled flat, no indicator vector: (265, 30000) 
  Lint: (265, 40000) 
  Lint flat, no indicator vector: (265, 30000)

Final output dimensions: 
  Clean: (265, 2000) 
  Gapped: (265, 2000) 
  Filled: (265, 2000) 
  Lint: (265, 2000)

TIME:  2022-04-11 17:29:06.658914

FINISHED PROCESSING MMS TEST DATA 



FINISHED PROCESSING ALL DATA 

