
CHECKING PSP FILES 

reading file  data_raw/psp/psp_fld_l2_mag_rtn_2018112600_v01.cdf
Done reading data
Number of missing values after resampling:
B_R    0
B_T    0
B_N    0
dtype: int64


reading file  data_raw/psp/psp_fld_l2_mag_rtn_2018113012_v01.cdf
Done reading data
Number of missing values after resampling:
B_R    0
B_T    0
B_N    0
dtype: int64


reading file  data_raw/psp/psp_fld_l2_mag_rtn_2018110300_v01.cdf
Done reading data
Number of missing values after resampling:
B_R    0
B_T    0
B_N    0
dtype: int64


reading file  data_raw/psp/psp_fld_l2_mag_rtn_2018111800_v01.cdf
Done reading data
Number of missing values after resampling:
B_R    158
B_T    158
B_N    158
dtype: int64


reading file  data_raw/psp/psp_fld_l2_mag_rtn_2018110418_v01.cdf
Done reading data
Number of missing values after resampling:
B_R    0
B_T    0
B_N    0
dtype: int64


reading file  data_raw/psp/psp_fld_l2_mag_rtn_2018100200_v01.cdf
Done reading data
Number of missing values after resampling:
B_R    1
B_T    1
B_N    1
dtype: int64


reading file  data_raw/psp/psp_fld_l2_mag_rtn_2018110600_v01.cdf
Done reading data
Number of missing values after resampling:
B_R    0
B_T    0
B_N    0
dtype: int64


reading file  data_raw/psp/psp_fld_l2_mag_rtn_2018110712_v01.cdf
Done reading data
Number of missing values after resampling:
B_R    0
B_T    0
B_N    0
dtype: int64


reading file  data_raw/psp/psp_fld_l2_mag_rtn_2018112106_v01.cdf
Done reading data
Number of missing values after resampling:
B_R    0
B_T    0
B_N    0
dtype: int64


reading file  data_raw/psp/psp_fld_l2_mag_rtn_2018110400_v01.cdf
Done reading data
Number of missing values after resampling:
B_R    0
B_T    0
B_N    0
dtype: int64


reading file  data_raw/psp/psp_fld_l2_mag_rtn_2018111600_v01.cdf
Done reading data
Number of missing values after resampling:
B_R    0
B_T    0
B_N    0
dtype: int64


reading file  data_raw/psp/psp_fld_l2_mag_rtn_2018111000_v01.cdf
Done reading data
Number of missing values after resampling:
B_R    0
B_T    0
B_N    0
dtype: int64


reading file  data_raw/psp/psp_fld_l2_mag_rtn_2018110800_v01.cdf
Done reading data
Number of missing values after resampling:
B_R    0
B_T    0
B_N    0
dtype: int64


reading file  data_raw/psp/psp_fld_l2_mag_rtn_2018111718_v01.cdf
Done reading data
Number of missing values after resampling:
B_R    0
B_T    0
B_N    0
dtype: int64


reading file  data_raw/psp/psp_fld_l2_mag_rtn_2018111218_v01.cdf
Done reading data
Number of missing values after resampling:
B_R    0
B_T    0
B_N    0
dtype: int64


reading file  data_raw/psp/psp_fld_l2_mag_rtn_2018113000_v01.cdf
Done reading data
Number of missing values after resampling:
B_R    0
B_T    0
B_N    0
dtype: int64


reading file  data_raw/psp/psp_fld_l2_mag_rtn_2018111318_v01.cdf
Done reading data
Number of missing values after resampling:
B_R    0
B_T    0
B_N    0
dtype: int64


reading file  data_raw/psp/psp_fld_l2_mag_rtn_2018110906_v01.cdf
Done reading data
Number of missing values after resampling:
B_R    0
B_T    0
B_N    0
dtype: int64


reading file  data_raw/psp/psp_fld_l2_mag_rtn_2018111012_v01.cdf
Done reading data
Number of missing values after resampling:
B_R    0
B_T    0
B_N    0
dtype: int64


reading file  data_raw/psp/psp_fld_l2_mag_rtn_2018112012_v01.cdf
Done reading data
Number of missing values after resampling:
B_R    0
B_T    0
B_N    0
dtype: int64


reading file  data_raw/psp/psp_fld_l2_mag_rtn_2018112118_v01.cdf
Done reading data
Number of missing values after resampling:
B_R    0
B_T    0
B_N    0
dtype: int64


reading file  data_raw/psp/psp_fld_l2_mag_rtn_2018112318_v01.cdf
Done reading data
Number of missing values after resampling:
B_R    0
B_T    0
B_N    0
dtype: int64


reading file  data_raw/psp/psp_fld_l2_mag_rtn_2018110306_v01.cdf
Done reading data
Number of missing values after resampling:
B_R    0
B_T    0
B_N    0
dtype: int64


reading file  data_raw/psp/psp_fld_l2_mag_rtn_2018112818_v01.cdf
Done reading data
Number of missing values after resampling:
B_R    0
B_T    0
B_N    0
dtype: int64


reading file  data_raw/psp/psp_fld_l2_mag_rtn_2018112218_v01.cdf
Done reading data
Number of missing values after resampling:
B_R    0
B_T    0
B_N    0
dtype: int64


reading file  data_raw/psp/psp_fld_l2_mag_rtn_2018112718_v01.cdf
Done reading data
Number of missing values after resampling:
B_R    0
B_T    0
B_N    0
dtype: int64


reading file  data_raw/psp/psp_fld_l2_mag_rtn_2018110918_v01.cdf
Done reading data
Number of missing values after resampling:
B_R    0
B_T    0
B_N    0
dtype: int64


reading file  data_raw/psp/psp_fld_l2_mag_rtn_2018112712_v01.cdf
Done reading data
Number of missing values after resampling:
B_R    0
B_T    0
B_N    0
dtype: int64


reading file  data_raw/psp/psp_fld_l2_mag_rtn_2018112618_v01.cdf
Done reading data
Number of missing values after resampling:
B_R    0
B_T    0
B_N    0
dtype: int64


reading file  data_raw/psp/psp_fld_l2_mag_rtn_2018112206_v01.cdf
Done reading data
Number of missing values after resampling:
B_R    0
B_T    0
B_N    0
dtype: int64


reading file  data_raw/psp/psp_fld_l2_mag_rtn_2018110118_v01.cdf
Done reading data
Number of missing values after resampling:
B_R    0
B_T    0
B_N    0
dtype: int64


reading file  data_raw/psp/psp_fld_l2_mag_rtn_2018112212_v01.cdf
Done reading data
Number of missing values after resampling:
B_R    0
B_T    0
B_N    0
dtype: int64


reading file  data_raw/psp/psp_fld_l2_mag_rtn_2018112806_v01.cdf
Done reading data
Number of missing values after resampling:
B_R    0
B_T    0
B_N    0
dtype: int64


reading file  data_raw/psp/psp_fld_l2_mag_rtn_2018112800_v01.cdf
Done reading data
Number of missing values after resampling:
B_R    0
B_T    0
B_N    0
dtype: int64


reading file  data_raw/psp/psp_fld_l2_mag_rtn_2018112406_v01.cdf
Done reading data
Number of missing values after resampling:
B_R    0
B_T    0
B_N    0
dtype: int64


reading file  data_raw/psp/psp_fld_l2_mag_rtn_2018110318_v01.cdf
Done reading data
Number of missing values after resampling:
B_R    0
B_T    0
B_N    0
dtype: int64


reading file  data_raw/psp/psp_fld_l2_mag_rtn_2018111500_v01.cdf
Done reading data
Number of missing values after resampling:
B_R    0
B_T    0
B_N    0
dtype: int64


reading file  data_raw/psp/psp_fld_l2_mag_rtn_2018111200_v01.cdf
Done reading data
Number of missing values after resampling:
B_R    0
B_T    0
B_N    0
dtype: int64


reading file  data_raw/psp/psp_fld_l2_mag_rtn_2018112918_v01.cdf
Done reading data
Number of missing values after resampling:
B_R    0
B_T    0
B_N    0
dtype: int64


reading file  data_raw/psp/psp_fld_l2_mag_rtn_2018111918_v01.cdf
Done reading data
Number of missing values after resampling:
B_R    0
B_T    0
B_N    0
dtype: int64


reading file  data_raw/psp/psp_fld_l2_mag_rtn_2018112306_v01.cdf
Done reading data
Number of missing values after resampling:
B_R    0
B_T    0
B_N    0
dtype: int64


reading file  data_raw/psp/psp_fld_l2_mag_rtn_2018110718_v01.cdf
Done reading data
Number of missing values after resampling:
B_R    0
B_T    0
B_N    0
dtype: int64


reading file  data_raw/psp/psp_fld_l2_mag_rtn_2018111212_v01.cdf
Done reading data
Number of missing values after resampling:
B_R    0
B_T    0
B_N    0
dtype: int64


reading file  data_raw/psp/psp_fld_l2_mag_rtn_2018112418_v01.cdf
Done reading data
Number of missing values after resampling:
B_R    0
B_T    0
B_N    0
dtype: int64


reading file  data_raw/psp/psp_fld_l2_mag_rtn_2018111112_v01.cdf
Done reading data
Number of missing values after resampling:
B_R    0
B_T    0
B_N    0
dtype: int64


reading file  data_raw/psp/psp_fld_l2_mag_rtn_2018111100_v01.cdf
Done reading data
Number of missing values after resampling:
B_R    0
B_T    0
B_N    0
dtype: int64


reading file  data_raw/psp/psp_fld_l2_mag_rtn_2018111018_v01.cdf
Done reading data
Number of missing values after resampling:
B_R    0
B_T    0
B_N    0
dtype: int64


reading file  data_raw/psp/psp_fld_l2_mag_rtn_2018112900_v01.cdf
Done reading data
Number of missing values after resampling:
B_R    0
B_T    0
B_N    0
dtype: int64


reading file  data_raw/psp/psp_fld_l2_mag_rtn_2018112100_v01.cdf
Done reading data
Number of missing values after resampling:
B_R    0
B_T    0
B_N    0
dtype: int64


reading file  data_raw/psp/psp_fld_l2_mag_rtn_2018112000_v01.cdf
Done reading data
Number of missing values after resampling:
B_R    0
B_T    0
B_N    0
dtype: int64


reading file  data_raw/psp/psp_fld_l2_mag_rtn_2018111306_v01.cdf
Done reading data
Number of missing values after resampling:
B_R    0
B_T    0
B_N    0
dtype: int64


reading file  data_raw/psp/psp_fld_l2_mag_rtn_2018112606_v01.cdf
Done reading data
Number of missing values after resampling:
B_R    0
B_T    0
B_N    0
dtype: int64


reading file  data_raw/psp/psp_fld_l2_mag_rtn_2018111706_v01.cdf
Done reading data
Number of missing values after resampling:
B_R    0
B_T    0
B_N    0
dtype: int64


reading file  data_raw/psp/psp_fld_l2_mag_rtn_2018110200_v01.cdf
Done reading data
Number of missing values after resampling:
B_R    0
B_T    0
B_N    0
dtype: int64


reading file  data_raw/psp/psp_fld_l2_mag_rtn_2018111812_v01.cdf
Done reading data
Number of missing values after resampling:
B_R    0
B_T    0
B_N    0
dtype: int64


reading file  data_raw/psp/psp_fld_l2_mag_rtn_2018110818_v01.cdf
Done reading data
Number of missing values after resampling:
B_R    0
B_T    0
B_N    0
dtype: int64


reading file  data_raw/psp/psp_fld_l2_mag_rtn_2018112612_v01.cdf
Done reading data
Number of missing values after resampling:
B_R    0
B_T    0
B_N    0
dtype: int64


reading file  data_raw/psp/psp_fld_l2_mag_rtn_2018112906_v01.cdf
Done reading data
Number of missing values after resampling:
B_R    0
B_T    0
B_N    0
dtype: int64


reading file  data_raw/psp/psp_fld_l2_mag_rtn_2018110806_v01.cdf
Done reading data
Number of missing values after resampling:
B_R    0
B_T    0
B_N    0
dtype: int64


reading file  data_raw/psp/psp_fld_l2_mag_rtn_2018112312_v01.cdf
Done reading data
Number of missing values after resampling:
B_R    0
B_T    0
B_N    0
dtype: int64


reading file  data_raw/psp/psp_fld_l2_mag_rtn_2018110106_v01.cdf
Done reading data
Number of missing values after resampling:
B_R    0
B_T    0
B_N    0
dtype: int64


reading file  data_raw/psp/psp_fld_l2_mag_rtn_2018111518_v01.cdf
Done reading data
Number of missing values after resampling:
B_R    0
B_T    0
B_N    0
dtype: int64


reading file  data_raw/psp/psp_fld_l2_mag_rtn_2018113006_v01.cdf
Done reading data
Number of missing values after resampling:
B_R    0
B_T    0
B_N    0
dtype: int64


reading file  data_raw/psp/psp_fld_l2_mag_rtn_2018110612_v01.cdf
Done reading data
Number of missing values after resampling:
B_R    0
B_T    0
B_N    0
dtype: int64


reading file  data_raw/psp/psp_fld_l2_mag_rtn_2018110512_v01.cdf
Done reading data
Number of missing values after resampling:
B_R    0
B_T    0
B_N    0
dtype: int64


reading file  data_raw/psp/psp_fld_l2_mag_rtn_2018110518_v01.cdf
Done reading data
Number of missing values after resampling:
B_R    0
B_T    0
B_N    0
dtype: int64


reading file  data_raw/psp/psp_fld_l2_mag_rtn_2018111506_v01.cdf
Done reading data
Number of missing values after resampling:
B_R    0
B_T    0
B_N    0
dtype: int64


reading file  data_raw/psp/psp_fld_l2_mag_rtn_2018111606_v01.cdf
Done reading data
Number of missing values after resampling:
B_R    0
B_T    0
B_N    0
dtype: int64


reading file  data_raw/psp/psp_fld_l2_mag_rtn_2018110406_v01.cdf
Done reading data
Number of missing values after resampling:
B_R    0
B_T    0
B_N    0
dtype: int64


reading file  data_raw/psp/psp_fld_l2_mag_rtn_2018111418_v01.cdf
Done reading data
Number of missing values after resampling:
B_R    0
B_T    0
B_N    0
dtype: int64


reading file  data_raw/psp/psp_fld_l2_mag_rtn_2018111406_v01.cdf
Done reading data
Number of missing values after resampling:
B_R    0
B_T    0
B_N    0
dtype: int64


reading file  data_raw/psp/psp_fld_l2_mag_rtn_2018110812_v01.cdf
Done reading data
Number of missing values after resampling:
B_R    0
B_T    0
B_N    0
dtype: int64


reading file  data_raw/psp/psp_fld_l2_mag_rtn_2018110206_v01.cdf
Done reading data
Number of missing values after resampling:
B_R    0
B_T    0
B_N    0
dtype: int64


reading file  data_raw/psp/psp_fld_l2_mag_rtn_2018110506_v01.cdf
Done reading data
Number of missing values after resampling:
B_R    0
B_T    0
B_N    0
dtype: int64


reading file  data_raw/psp/psp_fld_l2_mag_rtn_2018111612_v01.cdf
Done reading data
Number of missing values after resampling:
B_R    0
B_T    0
B_N    0
dtype: int64


reading file  data_raw/psp/psp_fld_l2_mag_rtn_2018110618_v01.cdf
Done reading data
Number of missing values after resampling:
B_R    0
B_T    0
B_N    0
dtype: int64


reading file  data_raw/psp/psp_fld_l2_mag_rtn_2018111300_v01.cdf
Done reading data
Number of missing values after resampling:
B_R    0
B_T    0
B_N    0
dtype: int64


reading file  data_raw/psp/psp_fld_l2_mag_rtn_2018110706_v01.cdf
Done reading data
Number of missing values after resampling:
B_R    0
B_T    0
B_N    0
dtype: int64


reading file  data_raw/psp/psp_fld_l2_mag_rtn_2018112500_v01.cdf
Done reading data
Number of missing values after resampling:
B_R    0
B_T    0
B_N    0
dtype: int64


reading file  data_raw/psp/psp_fld_l2_mag_rtn_2018112412_v01.cdf
Done reading data
Number of missing values after resampling:
B_R    0
B_T    0
B_N    0
dtype: int64


reading file  data_raw/psp/psp_fld_l2_mag_rtn_2018110606_v01.cdf
Done reading data
Number of missing values after resampling:
B_R    0
B_T    0
B_N    0
dtype: int64


reading file  data_raw/psp/psp_fld_l2_mag_rtn_2018113018_v01.cdf
Done reading data
Number of missing values after resampling:
B_R    0
B_T    0
B_N    0
dtype: int64


reading file  data_raw/psp/psp_fld_l2_mag_rtn_2018110412_v01.cdf
Done reading data
Number of missing values after resampling:
B_R    0
B_T    0
B_N    0
dtype: int64


reading file  data_raw/psp/psp_fld_l2_mag_rtn_2018112018_v01.cdf
Done reading data
Number of missing values after resampling:
B_R    164
B_T    164
B_N    164
dtype: int64


reading file  data_raw/psp/psp_fld_l2_mag_rtn_2018111900_v01.cdf
Done reading data
Number of missing values after resampling:
B_R    0
B_T    0
B_N    0
dtype: int64


reading file  data_raw/psp/psp_fld_l2_mag_rtn_2018112506_v01.cdf
Done reading data
Number of missing values after resampling:
B_R    0
B_T    0
B_N    0
dtype: int64


reading file  data_raw/psp/psp_fld_l2_mag_rtn_2018112400_v01.cdf
Done reading data
Number of missing values after resampling:
B_R    0
B_T    0
B_N    0
dtype: int64


reading file  data_raw/psp/psp_fld_l2_mag_rtn_2018110312_v01.cdf
Done reading data
Number of missing values after resampling:
B_R    0
B_T    0
B_N    0
dtype: int64


reading file  data_raw/psp/psp_fld_l2_mag_rtn_2018112812_v01.cdf
Done reading data
Number of missing values after resampling:
B_R    0
B_T    0
B_N    0
dtype: int64


reading file  data_raw/psp/psp_fld_l2_mag_rtn_2018112700_v01.cdf
Done reading data
Number of missing values after resampling:
B_R    0
B_T    0
B_N    0
dtype: int64


reading file  data_raw/psp/psp_fld_l2_mag_rtn_2018110912_v01.cdf
Done reading data
Number of missing values after resampling:
B_R    0
B_T    0
B_N    0
dtype: int64


reading file  data_raw/psp/psp_fld_l2_mag_rtn_2018111618_v01.cdf
Done reading data
Number of missing values after resampling:
B_R    0
B_T    0
B_N    0
dtype: int64


reading file  data_raw/psp/psp_fld_l2_mag_rtn_2018110700_v01.cdf
Done reading data
Number of missing values after resampling:
B_R    0
B_T    0
B_N    0
dtype: int64


reading file  data_raw/psp/psp_fld_l2_mag_rtn_2018111006_v01.cdf
Done reading data
Number of missing values after resampling:
B_R    0
B_T    0
B_N    0
dtype: int64


reading file  data_raw/psp/psp_fld_l2_mag_rtn_2018112112_v01.cdf
Done reading data
Number of missing values after resampling:
B_R    0
B_T    0
B_N    0
dtype: int64


reading file  data_raw/psp/psp_fld_l2_mag_rtn_2018111206_v01.cdf
Done reading data
Number of missing values after resampling:
B_R    0
B_T    0
B_N    0
dtype: int64


reading file  data_raw/psp/psp_fld_l2_mag_rtn_2018111118_v01.cdf
Done reading data
Number of missing values after resampling:
B_R    0
B_T    0
B_N    0
dtype: int64


reading file  data_raw/psp/psp_fld_l2_mag_rtn_2018111412_v01.cdf
Done reading data
Number of missing values after resampling:
B_R    0
B_T    0
B_N    0
dtype: int64


reading file  data_raw/psp/psp_fld_l2_mag_rtn_2018111400_v01.cdf
Done reading data
Number of missing values after resampling:
B_R    0
B_T    0
B_N    0
dtype: int64


reading file  data_raw/psp/psp_fld_l2_mag_rtn_2018111700_v01.cdf
Done reading data
Number of missing values after resampling:
B_R    0
B_T    0
B_N    0
dtype: int64


reading file  data_raw/psp/psp_fld_l2_mag_rtn_2018111912_v01.cdf
Done reading data
Number of missing values after resampling:
B_R    0
B_T    0
B_N    0
dtype: int64


reading file  data_raw/psp/psp_fld_l2_mag_rtn_2018110218_v01.cdf
Done reading data
Number of missing values after resampling:
B_R    0
B_T    0
B_N    0
dtype: int64


reading file  data_raw/psp/psp_fld_l2_mag_rtn_2018112912_v01.cdf
Done reading data
Number of missing values after resampling:
B_R    0
B_T    0
B_N    0
dtype: int64


reading file  data_raw/psp/psp_fld_l2_mag_rtn_2018112200_v01.cdf
Done reading data
Number of missing values after resampling:
B_R    0
B_T    0
B_N    0
dtype: int64


reading file  data_raw/psp/psp_fld_l2_mag_rtn_2018111512_v01.cdf
Done reading data
Number of missing values after resampling:
B_R    0
B_T    0
B_N    0
dtype: int64


reading file  data_raw/psp/psp_fld_l2_mag_rtn_2018110112_v01.cdf
Done reading data
Number of missing values after resampling:
B_R    0
B_T    0
B_N    0
dtype: int64


reading file  data_raw/psp/psp_fld_l2_mag_rtn_2018111906_v01.cdf
Done reading data
Number of missing values after resampling:
B_R    0
B_T    0
B_N    0
dtype: int64


reading file  data_raw/psp/psp_fld_l2_mag_rtn_2018111712_v01.cdf
Done reading data
Number of missing values after resampling:
B_R    0
B_T    0
B_N    0
dtype: int64


reading file  data_raw/psp/psp_fld_l2_mag_rtn_2018112706_v01.cdf
Done reading data
Number of missing values after resampling:
B_R    0
B_T    0
B_N    0
dtype: int64


reading file  data_raw/psp/psp_fld_l2_mag_rtn_2018110212_v01.cdf
Done reading data
Number of missing values after resampling:
B_R    0
B_T    0
B_N    0
dtype: int64


reading file  data_raw/psp/psp_fld_l2_mag_rtn_2018111818_v01.cdf
Done reading data
Number of missing values after resampling:
B_R    0
B_T    0
B_N    0
dtype: int64


reading file  data_raw/psp/psp_fld_l2_mag_rtn_2018112006_v01.cdf
Done reading data
Number of missing values after resampling:
B_R    0
B_T    0
B_N    0
dtype: int64


reading file  data_raw/psp/psp_fld_l2_mag_rtn_2018111806_v01.cdf
Done reading data
Number of missing values after resampling:
B_R    0
B_T    0
B_N    0
dtype: int64


reading file  data_raw/psp/psp_fld_l2_mag_rtn_2018112300_v01.cdf
Done reading data
Number of missing values after resampling:
B_R    0
B_T    0
B_N    0
dtype: int64


reading file  data_raw/psp/psp_fld_l2_mag_rtn_2018111312_v01.cdf
Done reading data
Number of missing values after resampling:
B_R    0
B_T    0
B_N    0
dtype: int64


reading file  data_raw/psp/psp_fld_l2_mag_rtn_2018112512_v01.cdf
Done reading data
Number of missing values after resampling:
B_R    0
B_T    0
B_N    0
dtype: int64


reading file  data_raw/psp/psp_fld_l2_mag_rtn_2018110100_v01.cdf
Done reading data
Number of missing values after resampling:
B_R    0
B_T    0
B_N    0
dtype: int64


reading file  data_raw/psp/psp_fld_l2_mag_rtn_2018110900_v01.cdf
Done reading data
Number of missing values after resampling:
B_R    0
B_T    0
B_N    0
dtype: int64


reading file  data_raw/psp/psp_fld_l2_mag_rtn_2018110500_v01.cdf
Done reading data
Number of missing values after resampling:
B_R    0
B_T    0
B_N    0
dtype: int64


reading file  data_raw/psp/psp_fld_l2_mag_rtn_2018112518_v01.cdf
Done reading data
Number of missing values after resampling:
B_R    0
B_T    0
B_N    0
dtype: int64


reading file  data_raw/psp/psp_fld_l2_mag_rtn_2018111106_v01.cdf
Done reading data
Number of missing values after resampling:
B_R    0
B_T    0
B_N    0
dtype: int64



CHECKING MMS FILES 

reading file  data_raw/mms/mms1_fgm_brst_l2_20171226045353_v5.117.3.cdf
Done reading data
Number of missing values after resampling:
Bx GSE    0
By GSE    0
Bz GSE    0
dtype: int64


reading file  data_raw/mms/mms1_fgm_brst_l2_20171226062233_v5.117.3.cdf
Done reading data
Number of missing values after resampling:
Bx GSE    0
By GSE    0
Bz GSE    0
dtype: int64


reading file  data_raw/mms/mms1_fgm_brst_l2_20171226064953_v5.117.3.cdf
Done reading data
Number of missing values after resampling:
Bx GSE    0
By GSE    0
Bz GSE    0
dtype: int64


reading file  data_raw/mms/mms1_fgm_brst_l2_20171226063003_v5.117.3.cdf
Done reading data
Number of missing values after resampling:
Bx GSE    0
By GSE    0
Bz GSE    0
dtype: int64


reading file  data_raw/mms/mms1_fgm_brst_l2_20171226063503_v5.117.3.cdf
Done reading data
Number of missing values after resampling:
Bx GSE    0
By GSE    0
Bz GSE    0
dtype: int64


reading file  data_raw/mms/mms1_fgm_brst_l2_20171226083253_v5.117.3.cdf
Done reading data
Number of missing values after resampling:
Bx GSE    0
By GSE    0
Bz GSE    0
dtype: int64


reading file  data_raw/mms/mms1_fgm_brst_l2_20171226064723_v5.117.3.cdf
Done reading data
Number of missing values after resampling:
Bx GSE    0
By GSE    0
Bz GSE    0
dtype: int64


reading file  data_raw/mms/mms1_fgm_brst_l2_20171226054623_v5.117.3.cdf
Done reading data
Number of missing values after resampling:
Bx GSE    0
By GSE    0
Bz GSE    0
dtype: int64


reading file  data_raw/mms/mms1_fgm_brst_l2_20171226090543_v5.117.3.cdf
Done reading data
Number of missing values after resampling:
Bx GSE    0
By GSE    0
Bz GSE    0
dtype: int64


reading file  data_raw/mms/mms1_fgm_brst_l2_20171226064003_v5.117.3.cdf
Done reading data
Number of missing values after resampling:
Bx GSE    0
By GSE    0
Bz GSE    0
dtype: int64


reading file  data_raw/mms/mms1_fgm_brst_l2_20171226061243_v5.117.3.cdf
Done reading data
Number of missing values after resampling:
Bx GSE    0
By GSE    0
Bz GSE    0
dtype: int64


reading file  data_raw/mms/mms1_fgm_brst_l2_20171226063233_v5.117.3.cdf
Done reading data
Number of missing values after resampling:
Bx GSE    0
By GSE    0
Bz GSE    0
dtype: int64


reading file  data_raw/mms/mms1_fgm_brst_l2_20171226055333_v5.117.3.cdf
Done reading data
Number of missing values after resampling:
Bx GSE    0
By GSE    0
Bz GSE    0
dtype: int64


reading file  data_raw/mms/mms1_fgm_brst_l2_20171226054443_v5.117.3.cdf
Done reading data
Number of missing values after resampling:
Bx GSE    0
By GSE    0
Bz GSE    0
dtype: int64


reading file  data_raw/mms/mms1_fgm_brst_l2_20171226054843_v5.117.3.cdf
Done reading data
Number of missing values after resampling:
Bx GSE    0
By GSE    0
Bz GSE    0
dtype: int64


reading file  data_raw/mms/mms1_fgm_brst_l2_20171226083443_v5.117.3.cdf
Done reading data
Number of missing values after resampling:
Bx GSE    0
By GSE    0
Bz GSE    0
dtype: int64


reading file  data_raw/mms/mms1_fgm_brst_l2_20171226050623_v5.117.3.cdf
Done reading data
Number of missing values after resampling:
Bx GSE    0
By GSE    0
Bz GSE    0
dtype: int64


reading file  data_raw/mms/mms1_fgm_brst_l2_20171226045513_v5.117.3.cdf
Done reading data
Number of missing values after resampling:
Bx GSE    0
By GSE    0
Bz GSE    0
dtype: int64


reading file  data_raw/mms/mms1_fgm_brst_l2_20171226082223_v5.117.3.cdf
Done reading data
Number of missing values after resampling:
Bx GSE    0
By GSE    0
Bz GSE    0
dtype: int64


reading file  data_raw/mms/mms1_fgm_brst_l2_20171226062733_v5.117.3.cdf
Done reading data
Number of missing values after resampling:
Bx GSE    0
By GSE    0
Bz GSE    0
dtype: int64


reading file  data_raw/mms/mms1_fgm_brst_l2_20171226062013_v5.117.3.cdf
Done reading data
Number of missing values after resampling:
Bx GSE    0
By GSE    0
Bz GSE    0
dtype: int64


reading file  data_raw/mms/mms1_fgm_brst_l2_20171226063733_v5.117.3.cdf
Done reading data
Number of missing values after resampling:
Bx GSE    0
By GSE    0
Bz GSE    0
dtype: int64


reading file  data_raw/mms/mms1_fgm_brst_l2_20171226064223_v5.117.3.cdf
Done reading data
Number of missing values after resampling:
Bx GSE    0
By GSE    0
Bz GSE    0
dtype: int64


reading file  data_raw/mms/mms1_fgm_brst_l2_20171226062503_v5.117.3.cdf
Done reading data
Number of missing values after resampling:
Bx GSE    0
By GSE    0
Bz GSE    0
dtype: int64


reading file  data_raw/mms/mms1_fgm_brst_l2_20171226050233_v5.117.3.cdf
Done reading data
Number of missing values after resampling:
Bx GSE    0
By GSE    0
Bz GSE    0
dtype: int64


reading file  data_raw/mms/mms1_fgm_brst_l2_20171226050823_v5.117.3.cdf
Done reading data
Number of missing values after resampling:
Bx GSE    0
By GSE    0
Bz GSE    0
dtype: int64


reading file  data_raw/mms/mms1_fgm_brst_l2_20171226055113_v5.117.3.cdf
Done reading data
Number of missing values after resampling:
Bx GSE    0
By GSE    0
Bz GSE    0
dtype: int64


reading file  data_raw/mms/mms1_fgm_brst_l2_20171226060043_v5.117.3.cdf
Done reading data
Number of missing values after resampling:
Bx GSE    0
By GSE    0
Bz GSE    0
dtype: int64


reading file  data_raw/mms/mms1_fgm_brst_l2_20171226045753_v5.117.3.cdf
Done reading data
Number of missing values after resampling:
Bx GSE    0
By GSE    0
Bz GSE    0
dtype: int64


reading file  data_raw/mms/mms1_fgm_brst_l2_20171226050433_v5.117.3.cdf
Done reading data
Number of missing values after resampling:
Bx GSE    0
By GSE    0
Bz GSE    0
dtype: int64


reading file  data_raw/mms/mms1_fgm_brst_l2_20171226064453_v5.117.3.cdf
Done reading data
Number of missing values after resampling:
Bx GSE    0
By GSE    0
Bz GSE    0
dtype: int64


reading file  data_raw/mms/mms1_fgm_brst_l2_20171226061743_v5.117.3.cdf
Done reading data
Number of missing values after resampling:
Bx GSE    0
By GSE    0
Bz GSE    0
dtype: int64


reading file  data_raw/mms/mms1_fgm_brst_l2_20171226055553_v5.117.3.cdf
Done reading data
Number of missing values after resampling:
Bx GSE    0
By GSE    0
Bz GSE    0
dtype: int64


reading file  data_raw/mms/mms1_fgm_brst_l2_20171226055813_v5.117.3.cdf
Done reading data
Number of missing values after resampling:
Bx GSE    0
By GSE    0
Bz GSE    0
dtype: int64


reading file  data_raw/mms/mms1_fgm_brst_l2_20171226083053_v5.117.3.cdf
Done reading data
Number of missing values after resampling:
Bx GSE    0
By GSE    0
Bz GSE    0
dtype: int64


reading file  data_raw/mms/mms1_fgm_brst_l2_20171226061513_v5.117.3.cdf
Done reading data
Number of missing values after resampling:
Bx GSE    0
By GSE    0
Bz GSE    0
dtype: int64


